[36m--[0m Using CATKIN_DEVEL_PREFIX: /home/hansen/Desktop/Motion_Planning_Project/catkin_ws/devel/.private/A_star
[36m--[0m Using CMAKE_PREFIX_PATH: /home/hansen/Desktop/Motion_Planning_Project/catkin_ws/devel;/opt/ros/noetic
[36m--[0m This workspace overlays: /home/hansen/Desktop/Motion_Planning_Project/catkin_ws/devel;/opt/ros/noetic
[36m--[0m Found PythonInterp: /usr/bin/python3 (found suitable version "3.8.10", minimum required is "3")
[36m--[0m Using PYTHON_EXECUTABLE: /usr/bin/python3
[36m--[0m Using Debian Python package layout
[36m--[0m Using empy: /usr/lib/python3/dist-packages/em.py
[36m--[0m Using CATKIN_ENABLE_TESTING: ON
[36m--[0m Call enable_testing()
[36m--[0m Using CATKIN_TEST_RESULTS_DIR: /home/hansen/Desktop/Motion_Planning_Project/catkin_ws/build/A_star/test_results
[36m--[0m Forcing gtest/gmock from source, though one was otherwise available.
[36m--[0m Found gtest sources under '/usr/src/googletest': gtests will be built
[36m--[0m Found gmock sources under '/usr/src/googletest': gmock will be built
[36m--[0m Found PythonInterp: /usr/bin/python3 (found version "3.8.10")
[36m--[0m Using Python nosetests: /usr/bin/nosetests3
[36m--[0m catkin 0.8.10
[36m--[0m BUILD_SHARED_LIBS is on
[36m--[0m Using these message generators: gencpp;geneus;genlisp;gennodejs;genpy
[36m--[0m A_star: 1 messages, 0 services
[33mWARNING: Package name "A_star" does not follow the naming conventions. It should start with a lower case letter and only contain lower case letters, digits, underscores, and dashes.[0m
[31m[1mCMake Error[0m at /opt/ros/noetic/share/catkin/cmake/catkin_package.cmake:224 (message):
  catkin_package() DEPENDS on the catkin package 'message_runtime' which must
  therefore be listed as a run dependency in the package.xml
[36mCall Stack (most recent call first):[0m
  /opt/ros/noetic/share/catkin/cmake/catkin_package.cmake:102 (_catkin_package)
  CMakeLists.txt:103 (catkin_package)


[36m--[0m Configuring incomplete, errors occurred!
See also "/home/hansen/Desktop/Motion_Planning_Project/catkin_ws/build/A_star/CMakeFiles/CMakeOutput.log".
See also "/home/hansen/Desktop/Motion_Planning_Project/catkin_ws/build/A_star/CMakeFiles/CMakeError.log".
make: *** [Makefile:574: cmake_check_build_system] Error 1
